CRITICAL - 2023-05-01 22:27:01 --> Undefined property: CodeIgniter\View\View::$load
#0 C:\xampp\htdocs\paylite-2022\app\Views\welcome_message.php(2): CodeIgniter\Debug\Exceptions->errorHandler(2, 'Undefined prope...', 'C:\\xampp\\htdocs...', 2)
#1 C:\xampp\htdocs\paylite-2022\vendor\codeigniter4\framework\system\View\View.php(210): include('C:\\xampp\\htdocs...')
#2 C:\xampp\htdocs\paylite-2022\vendor\codeigniter4\framework\system\View\View.php(213): CodeIgniter\View\View->CodeIgniter\View\{closure}()
#3 C:\xampp\htdocs\paylite-2022\vendor\codeigniter4\framework\system\Common.php(1089): CodeIgniter\View\View->render('welcome_message', Array, true)
#4 C:\xampp\htdocs\paylite-2022\app\Controllers\Home.php(9): view('welcome_message')
#5 C:\xampp\htdocs\paylite-2022\vendor\codeigniter4\framework\system\CodeIgniter.php(832): App\Controllers\Home->index()
#6 C:\xampp\htdocs\paylite-2022\vendor\codeigniter4\framework\system\CodeIgniter.php(419): CodeIgniter\CodeIgniter->runController(Object(App\Controllers\Home))
#7 C:\xampp\htdocs\paylite-2022\vendor\codeigniter4\framework\system\CodeIgniter.php(326): CodeIgniter\CodeIgniter->handleRequest(NULL, Object(Config\Cache), false)
#8 C:\xampp\htdocs\paylite-2022\public\index.php(37): CodeIgniter\CodeIgniter->run()
#9 C:\xampp\htdocs\paylite-2022\vendor\codeigniter4\framework\system\Commands\Server\rewrite.php(43): require_once('C:\\xampp\\htdocs...')
#10 {main}
CRITICAL - 2023-05-01 22:27:20 --> Undefined property: CodeIgniter\View\View::$load
#0 C:\xampp\htdocs\paylite-2022\app\Views\welcome_message.php(2): CodeIgniter\Debug\Exceptions->errorHandler(2, 'Undefined prope...', 'C:\\xampp\\htdocs...', 2)
#1 C:\xampp\htdocs\paylite-2022\vendor\codeigniter4\framework\system\View\View.php(210): include('C:\\xampp\\htdocs...')
#2 C:\xampp\htdocs\paylite-2022\vendor\codeigniter4\framework\system\View\View.php(213): CodeIgniter\View\View->CodeIgniter\View\{closure}()
#3 C:\xampp\htdocs\paylite-2022\vendor\codeigniter4\framework\system\Common.php(1089): CodeIgniter\View\View->render('welcome_message', Array, true)
#4 C:\xampp\htdocs\paylite-2022\app\Controllers\Home.php(9): view('welcome_message')
#5 C:\xampp\htdocs\paylite-2022\vendor\codeigniter4\framework\system\CodeIgniter.php(832): App\Controllers\Home->index()
#6 C:\xampp\htdocs\paylite-2022\vendor\codeigniter4\framework\system\CodeIgniter.php(419): CodeIgniter\CodeIgniter->runController(Object(App\Controllers\Home))
#7 C:\xampp\htdocs\paylite-2022\vendor\codeigniter4\framework\system\CodeIgniter.php(326): CodeIgniter\CodeIgniter->handleRequest(NULL, Object(Config\Cache), false)
#8 C:\xampp\htdocs\paylite-2022\public\index.php(37): CodeIgniter\CodeIgniter->run()
#9 C:\xampp\htdocs\paylite-2022\vendor\codeigniter4\framework\system\Commands\Server\rewrite.php(43): require_once('C:\\xampp\\htdocs...')
#10 {main}
CRITICAL - 2023-05-01 22:51:36 --> Invalid file: menu.php
#0 C:\xampp\htdocs\paylite-2022\vendor\codeigniter4\framework\system\View\View.php(198): CodeIgniter\Exceptions\FrameworkException::forInvalidFile('menu.php')
#1 C:\xampp\htdocs\paylite-2022\vendor\codeigniter4\framework\system\View\View.php(424): CodeIgniter\View\View->render('menu', NULL, true)
#2 C:\xampp\htdocs\paylite-2022\app\Views\layout\general.php(60): CodeIgniter\View\View->include('menu')
#3 C:\xampp\htdocs\paylite-2022\vendor\codeigniter4\framework\system\View\View.php(210): include('C:\\xampp\\htdocs...')
#4 C:\xampp\htdocs\paylite-2022\vendor\codeigniter4\framework\system\View\View.php(213): CodeIgniter\View\View->CodeIgniter\View\{closure}()
#5 C:\xampp\htdocs\paylite-2022\vendor\codeigniter4\framework\system\View\View.php(226): CodeIgniter\View\View->render('layout/general', Array, true)
#6 C:\xampp\htdocs\paylite-2022\vendor\codeigniter4\framework\system\Common.php(1089): CodeIgniter\View\View->render('home', Array, true)
#7 C:\xampp\htdocs\paylite-2022\app\Controllers\Home.php(9): view('home')
#8 C:\xampp\htdocs\paylite-2022\vendor\codeigniter4\framework\system\CodeIgniter.php(832): App\Controllers\Home->index()
#9 C:\xampp\htdocs\paylite-2022\vendor\codeigniter4\framework\system\CodeIgniter.php(419): CodeIgniter\CodeIgniter->runController(Object(App\Controllers\Home))
#10 C:\xampp\htdocs\paylite-2022\vendor\codeigniter4\framework\system\CodeIgniter.php(326): CodeIgniter\CodeIgniter->handleRequest(NULL, Object(Config\Cache), false)
#11 C:\xampp\htdocs\paylite-2022\public\index.php(37): CodeIgniter\CodeIgniter->run()
#12 C:\xampp\htdocs\paylite-2022\vendor\codeigniter4\framework\system\Commands\Server\rewrite.php(43): require_once('C:\\xampp\\htdocs...')
#13 {main}
CRITICAL - 2023-05-01 22:52:18 --> Invalid file: menu.php
#0 C:\xampp\htdocs\paylite-2022\vendor\codeigniter4\framework\system\View\View.php(198): CodeIgniter\Exceptions\FrameworkException::forInvalidFile('menu.php')
#1 C:\xampp\htdocs\paylite-2022\vendor\codeigniter4\framework\system\View\View.php(424): CodeIgniter\View\View->render('menu', NULL, true)
#2 C:\xampp\htdocs\paylite-2022\app\Views\layout\general.php(60): CodeIgniter\View\View->include('menu')
#3 C:\xampp\htdocs\paylite-2022\vendor\codeigniter4\framework\system\View\View.php(210): include('C:\\xampp\\htdocs...')
#4 C:\xampp\htdocs\paylite-2022\vendor\codeigniter4\framework\system\View\View.php(213): CodeIgniter\View\View->CodeIgniter\View\{closure}()
#5 C:\xampp\htdocs\paylite-2022\vendor\codeigniter4\framework\system\View\View.php(226): CodeIgniter\View\View->render('layout/general', Array, true)
#6 C:\xampp\htdocs\paylite-2022\vendor\codeigniter4\framework\system\Common.php(1089): CodeIgniter\View\View->render('home', Array, true)
#7 C:\xampp\htdocs\paylite-2022\app\Controllers\Home.php(9): view('home')
#8 C:\xampp\htdocs\paylite-2022\vendor\codeigniter4\framework\system\CodeIgniter.php(832): App\Controllers\Home->index()
#9 C:\xampp\htdocs\paylite-2022\vendor\codeigniter4\framework\system\CodeIgniter.php(419): CodeIgniter\CodeIgniter->runController(Object(App\Controllers\Home))
#10 C:\xampp\htdocs\paylite-2022\vendor\codeigniter4\framework\system\CodeIgniter.php(326): CodeIgniter\CodeIgniter->handleRequest(NULL, Object(Config\Cache), false)
#11 C:\xampp\htdocs\paylite-2022\public\index.php(37): CodeIgniter\CodeIgniter->run()
#12 C:\xampp\htdocs\paylite-2022\vendor\codeigniter4\framework\system\Commands\Server\rewrite.php(43): require_once('C:\\xampp\\htdocs...')
#13 {main}
